<?xml version="1.0" encoding="UTF-8"?>
<!-- Generated by org.testng.reporters.JUnitXMLReporter -->
<testsuite hostname="santosh-PC" name="Car Loan" tests="3" failures="0" timestamp="6 Jun 2020 06:45:03 GMT" time="0.019" errors="0">
  <testcase name="APILoginCarLoan" time="0.003" classname="day1.Car_loan"/>
  <testcase name="MobileLoginCarLoan" time="0.002" classname="day1.Car_loan"/>
  <testcase name="WebLoginCarLoan" time="0.006" classname="day1.Car_loan"/>
</testsuite> <!-- Car Loan -->
