<?xml version="1.0" encoding="UTF-8"?>
<!-- Generated by org.testng.reporters.JUnitXMLReporter -->
<testsuite hostname="santosh-PC" name="Home Loan" tests="3" failures="0" timestamp="6 Jun 2020 06:45:03 GMT" time="0.009" errors="0">
  <testcase name="APILoginHomeLoan" time="0.001" classname="day1.Home_loan"/>
  <testcase name="MobileLoginHomeLoan" time="0.002" classname="day1.Home_loan"/>
  <testcase name="WebLoginHomeLoan" time="0.001" classname="day1.Home_loan"/>
</testsuite> <!-- Home Loan -->
